2022-10-08 15:22:00,740 INFO org.springframework.boot.StartupInfoLogger [main] Starting RestServiceApplication using Java 1.8.0_282 on HP-Z2-G4 with PID 74008 (C:\Users\Sebastian\Spring-Boot\rest-service\target\classes started by Sebastian in C:\Users\Sebastian\Spring-Boot\rest-service)
2022-10-08 15:22:00,742 DEBUG org.springframework.boot.StartupInfoLogger [main] Running with Spring Boot v2.4.2, Spring v5.3.3
2022-10-08 15:22:00,743 INFO org.springframework.boot.SpringApplication [main] No active profile set, falling back to default profiles: default
2022-10-08 15:22:01,413 INFO org.springframework.boot.web.embedded.tomcat.TomcatWebServer [main] Tomcat initialized with port(s): 8080 (http)
2022-10-08 15:22:01,419 INFO org.apache.juli.logging.DirectJDKLog [main] Initializing ProtocolHandler ["http-nio-8080"]
2022-10-08 15:22:01,419 INFO org.apache.juli.logging.DirectJDKLog [main] Starting service [Tomcat]
2022-10-08 15:22:01,420 INFO org.apache.juli.logging.DirectJDKLog [main] Starting Servlet engine: [Apache Tomcat/9.0.41]
2022-10-08 15:22:01,525 INFO org.apache.juli.logging.DirectJDKLog [main] Initializing Spring embedded WebApplicationContext
2022-10-08 15:22:01,526 INFO org.springframework.boot.web.servlet.context.ServletWebServerApplicationContext [main] Root WebApplicationContext: initialization completed in 756 ms
2022-10-08 15:22:01,665 INFO org.springframework.scheduling.concurrent.ExecutorConfigurationSupport [main] Initializing ExecutorService 'applicationTaskExecutor'
2022-10-08 15:22:01,769 INFO org.springframework.boot.actuate.endpoint.web.EndpointLinksResolver [main] Exposing 3 endpoint(s) beneath base path '/actuator'
2022-10-08 15:22:01,780 INFO org.apache.juli.logging.DirectJDKLog [main] Starting ProtocolHandler ["http-nio-8080"]
2022-10-08 15:22:01,800 INFO org.springframework.boot.web.embedded.tomcat.TomcatWebServer [main] Tomcat started on port(s): 8080 (http) with context path ''
2022-10-08 15:22:01,809 INFO org.springframework.boot.StartupInfoLogger [main] Started RestServiceApplication in 1.332 seconds (JVM running for 1.632)
2022-10-08 15:22:01,831 INFO com.example.restservice.RestServiceApplication [main] Greetings Application started successfully !
2022-10-08 15:22:01,831 INFO com.example.restservice.RestServiceApplication [main] Application listening on port: 8080
2022-10-08 15:22:29,586 INFO org.apache.juli.logging.DirectJDKLog [http-nio-8080-exec-1] Initializing Spring DispatcherServlet 'dispatcherServlet'
2022-10-08 15:22:29,586 INFO org.springframework.web.servlet.FrameworkServlet [http-nio-8080-exec-1] Initializing Servlet 'dispatcherServlet'
2022-10-08 15:22:29,587 INFO org.springframework.web.servlet.FrameworkServlet [http-nio-8080-exec-1] Completed initialization in 0 ms
2022-10-08 15:23:12,958 DEBUG com.example.restservice.GreetingController [http-nio-8080-exec-3] Inside greeting() method.
2022-10-08 15:23:58,493 DEBUG com.example.restservice.GreetingController [http-nio-8080-exec-7] Inside greeting() method.
2022-10-08 15:24:21,362 INFO org.springframework.scheduling.concurrent.ExecutorConfigurationSupport [Thread-3] Shutting down ExecutorService 'applicationTaskExecutor'
